<?xml version="1.0" encoding="UTF-8"?>
<!-- Generated by org.testng.reporters.JUnitReportReporter -->
<testsuite hostname="DESKTOP-T8A0J9M" failures="0" tests="5" name="TestNGProgram.TestGroup_priority" time="12.556" errors="0" timestamp="2022-07-21T23:16:39 IST" skipped="0">
  <testcase classname="TestNGProgram.TestGroup_priority" name="launch_chrome" time="2.908"/>
  <system-out/>
  <testcase classname="TestNGProgram.TestGroup_priority" name="check_login" time="0.169"/>
  <system-out/>
  <testcase classname="TestNGProgram.TestGroup_priority" name="check_Title" time="3.260"/>
  <system-out/>
  <testcase classname="TestNGProgram.TestGroup_priority" name="check_forgotpassword" time="2.054"/>
  <system-out/>
  <testcase classname="TestNGProgram.TestGroup_priority" name="tear_down" time="4.165"/>
  <system-out/>
</testsuite> <!-- TestNGProgram.TestGroup_priority -->
