<?xml version="1.0" encoding="UTF-8"?>
<!-- Generated by org.testng.reporters.JUnitReportReporter -->
<testsuite hostname="DESKTOP-T8A0J9M" failures="0" tests="10" name="TestNGProgram.DataDrivenTest" time="0.001" errors="0" timestamp="2022-07-21T23:16:39 IST" skipped="0">
  <testcase classname="TestNGProgram.DataDrivenTest" name="f" time="0.000"/>
  <system-out/>
  <testcase classname="TestNGProgram.DataDrivenTest" name="f" time="0.000"/>
  <system-out/>
  <testcase classname="TestNGProgram.DataDrivenTest" name="f" time="0.000"/>
  <system-out/>
  <testcase classname="TestNGProgram.DataDrivenTest" name="f" time="0.000"/>
  <system-out/>
  <testcase classname="TestNGProgram.DataDrivenTest" name="f" time="0.000"/>
  <system-out/>
  <testcase classname="TestNGProgram.DataDrivenTest" name="f" time="0.000"/>
  <system-out/>
  <testcase classname="TestNGProgram.DataDrivenTest" name="f" time="0.001"/>
  <system-out/>
  <testcase classname="TestNGProgram.DataDrivenTest" name="f" time="0.000"/>
  <system-out/>
  <testcase classname="TestNGProgram.DataDrivenTest" name="f" time="0.000"/>
  <system-out/>
  <testcase classname="TestNGProgram.DataDrivenTest" name="f" time="0.000"/>
  <system-out/>
</testsuite> <!-- TestNGProgram.DataDrivenTest -->
