<?xml version="1.0" encoding="UTF-8"?>
<!-- Generated by org.testng.reporters.JUnitReportReporter -->
<testsuite hostname="DESKTOP-T8A0J9M" failures="0" tests="1" name="com.selenium.app.Selenium_java_march_22.AppTest" time="0.009" errors="0" timestamp="2022-07-21T23:16:39 IST" skipped="0">
  <testcase classname="com.selenium.app.Selenium_java_march_22.AppTest" name="shouldAnswerWithTrue" time="0.009"/>
  <system-out/>
</testsuite> <!-- com.selenium.app.Selenium_java_march_22.AppTest -->
