<?xml version="1.0" encoding="UTF-8"?>
<!-- Generated by org.testng.reporters.JUnitReportReporter -->
<testsuite hostname="DESKTOP-T8A0J9M" failures="0" tests="2" name="TestNGProgram.AnnotationTest" time="0.007" errors="0" timestamp="2022-07-21T23:28:12 IST" skipped="0">
  <testcase classname="TestNGProgram.AnnotationTest" name="s" time="0.001"/>
  <system-out/>
  <testcase classname="TestNGProgram.AnnotationTest" name="f" time="0.006"/>
  <system-out/>
</testsuite> <!-- TestNGProgram.AnnotationTest -->
