<?xml version="1.0" encoding="UTF-8"?>
<!-- Generated by org.testng.reporters.JUnitReportReporter -->
<testsuite hostname="DESKTOP-T8A0J9M" failures="0" tests="5" name="TestNGProgram.dependsOnGroups" time="13.607" errors="0" timestamp="2022-07-21T23:35:37 IST" skipped="0">
  <testcase classname="TestNGProgram.dependsOnGroups" name="check_Title" time="4.068"/>
  <system-out/>
  <testcase classname="TestNGProgram.dependsOnGroups" name="tear_down" time="4.174"/>
  <system-out/>
  <testcase classname="TestNGProgram.dependsOnGroups" name="check_forgotpassword" time="1.831"/>
  <system-out/>
  <testcase classname="TestNGProgram.dependsOnGroups" name="launch_chrome" time="3.375"/>
  <system-out/>
  <testcase classname="TestNGProgram.dependsOnGroups" name="check_login" time="0.159"/>
  <system-out/>
</testsuite> <!-- TestNGProgram.dependsOnGroups -->
