<?xml version="1.0" encoding="UTF-8"?>
<!-- Generated by org.testng.reporters.JUnitReportReporter -->
<testsuite hostname="DESKTOP-T8A0J9M" failures="0" tests="2" name="TestNGProgram.ParametBrowser" time="6.213" errors="0" timestamp="2022-07-21T23:36:35 IST" skipped="0">
  <testcase classname="TestNGProgram.ParametBrowser" name="SelectBrowser" time="1.955"/>
  <system-out/>
  <testcase classname="TestNGProgram.ParametBrowser" name="SelectBrowser" time="4.258"/>
  <system-out/>
</testsuite> <!-- TestNGProgram.ParametBrowser -->
